<?xml version="1.0" encoding="UTF-8"?>
<testng-results ignored="0" total="1" passed="1" failed="0" skipped="0">
  <reporter-output>
  </reporter-output>
  <suite started-at="2020-10-10T02:42:02Z" name="Default suite" finished-at="2020-10-10T02:42:09Z" duration-ms="6544">
    <groups>
    </groups>
    <test started-at="2020-10-10T02:42:02Z" name="Default test" finished-at="2020-10-10T02:42:09Z" duration-ms="6544">
      <class name="Scenario_Component.LaunchUrl">
        <test-method is-config="true" signature="Extent_Report()[pri:0, instance:Scenario_Component.LaunchUrl@6e2aa843]" started-at="2020-10-10T02:42:02Z" name="Extent_Report" finished-at="2020-10-10T02:42:02Z" duration-ms="265" status="PASS">
          <reporter-output>
          </reporter-output>
        </test-method> <!-- Extent_Report -->
        <test-method signature="testLogin()[pri:0, instance:Scenario_Component.LaunchUrl@6e2aa843]" started-at="2020-10-10T02:42:02Z" name="testLogin" finished-at="2020-10-10T02:42:09Z" duration-ms="6514" status="PASS">
          <reporter-output>
          </reporter-output>
        </test-method> <!-- testLogin -->
        <test-method is-config="true" signature="tearDown()[pri:0, instance:Scenario_Component.LaunchUrl@6e2aa843]" started-at="2020-10-10T02:42:09Z" name="tearDown" finished-at="2020-10-10T02:42:10Z" duration-ms="678" status="PASS">
          <reporter-output>
          </reporter-output>
        </test-method> <!-- tearDown -->
      </class> <!-- Scenario_Component.LaunchUrl -->
    </test> <!-- Default test -->
  </suite> <!-- Default suite -->
</testng-results>
