<?xml version="1.0" encoding="UTF-8"?>
<testng-results ignored="0" total="1" passed="1" failed="0" skipped="0">
  <reporter-output>
  </reporter-output>
  <suite started-at="2020-10-11T10:09:09Z" name="Default suite" finished-at="2020-10-11T10:09:16Z" duration-ms="7270">
    <groups>
    </groups>
    <test started-at="2020-10-11T10:09:09Z" name="Default test" finished-at="2020-10-11T10:09:16Z" duration-ms="7270">
      <class name="Scenario_Component.LaunchUrl">
        <test-method is-config="true" signature="Extent_Report()[pri:0, instance:Scenario_Component.LaunchUrl@f58853c]" started-at="2020-10-11T10:09:09Z" name="Extent_Report" finished-at="2020-10-11T10:09:09Z" duration-ms="279" status="PASS">
          <reporter-output>
          </reporter-output>
        </test-method> <!-- Extent_Report -->
        <test-method is-config="true" signature="setUp()[pri:0, instance:Scenario_Component.LaunchUrl@f58853c]" started-at="2020-10-11T10:09:09Z" name="setUp" finished-at="2020-10-11T10:09:16Z" duration-ms="6678" status="PASS">
          <reporter-output>
          </reporter-output>
        </test-method> <!-- setUp -->
        <test-method signature="testLogin()[pri:0, instance:Scenario_Component.LaunchUrl@f58853c]" started-at="2020-10-11T10:09:16Z" name="testLogin" finished-at="2020-10-11T10:09:16Z" duration-ms="561" status="PASS">
          <reporter-output>
          </reporter-output>
        </test-method> <!-- testLogin -->
        <test-method is-config="true" signature="tearDown()[pri:0, instance:Scenario_Component.LaunchUrl@f58853c]" started-at="2020-10-11T10:09:16Z" name="tearDown" finished-at="2020-10-11T10:09:18Z" duration-ms="1620" status="PASS">
          <reporter-output>
          </reporter-output>
        </test-method> <!-- tearDown -->
      </class> <!-- Scenario_Component.LaunchUrl -->
    </test> <!-- Default test -->
  </suite> <!-- Default suite -->
</testng-results>
