<?xml version="1.0" encoding="UTF-8"?>
<!-- Generated by org.testng.reporters.JUnitXMLReporter -->
<testsuite hostname="agi-lt-882" ignored="0" name="Default test" tests="5" failures="0" timestamp="11 Nov 2020 02:17:04 GMT" time="69.76" errors="0">
  <testcase name="testLaunchUrl" time="0.138" classname="Scenario_Component.LaunchUrl"/>
  <testcase name="testLoginLogout" time="12.335" classname="Scenario_Component.LaunchUrl"/>
  <testcase name="testAerRegistration" time="13.32" classname="Scenario_Component.LaunchUrl"/>
  <testcase name="testCaseIntake" time="6.803" classname="Scenario_Component.LaunchUrl"/>
  <testcase name="testFullDataEntry" time="32.824" classname="Scenario_Component.LaunchUrl"/>
</testsuite> <!-- Default test -->
